20260523	13:32:14	5ee9f164-3fd4-4414-a6af-fa3ce85308ea	GET	local	/
20260523	13:32:15	f3fac8ee-33e9-4585-8778-00c3d2a62965	GET	local	/css/style.css
20260523	13:32:15	5ca3f6b2-c818-4d6b-b1e4-34f95bd4aaa2	GET	local	/js/main.js
20260523	13:32:15	47cb6fbf-3dfa-4cb6-9915-bfc08c4a9258	GET	local	/favicon.ico
20260523	13:32:29	9394ad99-5719-445c-8ed9-c49eef6f2ebe	GET	local	/about
20260523	13:32:29	d3f1832f-0e71-4453-b3fb-374d446ad029	GET	local	/css/style.css
20260523	13:32:29	d37472a8-4918-4798-8b02-a329bf694ab9	GET	local	/js/main.js
20260523	13:32:29	fe40b852-9ee9-4efa-ba66-f2807b38cf62	GET	local	/favicon.ico
20260523	13:32:30	c57336fb-dd85-4e7d-b766-bc400c80955e	GET	local	/
20260523	13:32:30	51b7f0e0-8beb-4a67-bb50-bd06ba4e4a9c	GET	local	/css/style.css
20260523	13:32:30	8e45af21-1471-4dba-8112-9469c80c0e91	GET	local	/js/main.js
20260523	13:32:30	423054c2-8fdc-44d8-b374-a7b91931a28e	GET	local	/favicon.ico
20260523	13:32:31	7cfc1483-60d2-4fc2-b5d8-7c8c9d97aece	GET	local	/contact
20260523	13:32:31	8e1bb523-aba2-44bc-be02-f1855824b741	GET	local	/css/style.css
20260523	13:32:31	64b45736-11fe-457d-a4fa-b9d28675e1ae	GET	local	/js/main.js
20260523	13:32:31	cdd556ba-3c89-47d5-8952-df6ae7f1e2c3	GET	local	/favicon.ico
20260523	13:32:33	2855dc6a-f971-43c9-b84a-0d406ca4e88d	GET	local	/
20260523	13:32:33	045da67d-5fd6-427a-8c16-7a6ddd178f80	GET	local	/css/style.css
20260523	13:32:33	c33a8c82-e3ae-4ba6-9e92-3882ff02ed32	GET	local	/js/main.js
20260523	13:32:33	1b1c4b1d-274c-4cc3-b0b0-fdf1d7af02aa	GET	local	/favicon.ico
